********************************************************************************
DUPLICATOR-LITE PACKAGE-LOG: January 14, 2025 5:16 am
NOTICE: Do NOT post to public sites or forums 
********************************************************************************
VERSION:	1.5.11.2
WORDPRESS:	6.7.1
PHP INFO:	8.2.4 | SAPI: apache2handler
SERVER:		Apache/2.4.56 (Unix) OpenSSL/1.1.1t PHP/8.2.4 mod_perl/2.0.12 Perl/v5.34.1 
PHP TIME LIMIT: (0) no time limit imposed 
PHP MAX MEMORY: 4294967296 (512M default) 
MEMORY STACK: 44.5MB

********************************************************************************
DATABASE:
********************************************************************************
BUILD MODE:   PHP(query limit - 100)
MYSQLTIMEOUT: 5000
MYSQLDUMP:    Not Supported
TABLES: total:13 | filtered:0 | create:13
FILTERED: []
SQL CREATED: 20250114_exfaq_dc3c3681425121124126_20250114051647_database.sql
SQL FILE SIZE: 108.73KB (111336)
SQL FILE TIME: 2025-01-14 05:16:52
SQL RUNTIME: 0.10 sec.

********************************************************************************
ARCHIVE (ZIP):
********************************************************************************
ARCHIVE DIR:  /Applications/XAMPP/xamppfiles/htdocs/ex_faq
ARCHIVE FILE: 20250114_exfaq_dc3c3681425121124126_20250114051647_archive.zip
FILTERS: *OFF*
DIRS:
	not set
FILES:
	not set
EXTS:  not set
----------------------------------------
COMPRESSING
SIZE:	113.11MB
STATS:	Dirs 868 | Files 5,825
SQL ADDED: 20250114_exfaq_dc3c3681425121124126_20250114051647_database.sql
ZipArchive Object
(
    [lastId] => 6692
    [status] => 0
    [statusSys] => 0
    [numFiles] => 6693
    [filename] => /Applications/XAMPP/xamppfiles/htdocs/ex_faq/wp-content/backups-dup-lite/tmp/20250114_exfaq_dc3c3681425121124126_20250114051647_archive.zip
    [comment] => 
)

FILE ADDED TO ZIP: 6692
COMPRESSION RESULT: '1'
COMPRESSED SIZE: 50.81MB
ARCHIVE RUNTIME: 10.88 sec.
MEMORY STACK: 46.5MB
building installer
ARCHIVE CONSISTENCY TEST: PASS

********************************************************************************
INTEGRITY CHECKS:
********************************************************************************
SQL FILE: 108.73KB
INSTALLER FILE: 73.47KB
ARCHIVE FILE: 52.73MB 
EXPECTED FILE/DIRECTORY COUNT: 6,693
ACTUAL FILE/DIRECTORY COUNT: 6,692
ARCHIVE CONSISTENCY TEST: Pass

********************************************************************************
RECORD ID:[1]
TOTAL PROCESS RUNTIME: 18.01 sec.
PEAK PHP MEMORY USED: 48.5MB
DONE PROCESSING => 20250114_exfaq January 14, 2025 5:17 am

